<?xml version="1.0" encoding="UTF-8"?>
<testng-results ignored="0" total="2" passed="2" failed="0" skipped="0">
  <reporter-output>
  </reporter-output>
  <suite started-at="2024-11-14T12:49:02 IST" name="Default suite" finished-at="2024-11-14T12:49:31 IST" duration-ms="28694">
    <groups>
    </groups>
    <test started-at="2024-11-14T12:49:02 IST" name="Default test" finished-at="2024-11-14T12:49:31 IST" duration-ms="28694">
      <class name="pom.TestPage">
        <test-method is-config="true" signature="setFileName()[pri:0, instance:pom.TestPage@2b40ff9c]" started-at="2024-11-14T12:49:02 IST" name="setFileName" finished-at="2024-11-14T12:49:02 IST" duration-ms="24" status="PASS">
          <reporter-output>
          </reporter-output>
        </test-method> <!-- setFileName -->
        <test-method is-config="true" signature="goToLandingPage()[pri:0, instance:pom.TestPage@2b40ff9c]" started-at="2024-11-14T12:49:04 IST" name="goToLandingPage" finished-at="2024-11-14T12:49:17 IST" duration-ms="12927" status="PASS">
          <reporter-output>
          </reporter-output>
        </test-method> <!-- goToLandingPage -->
        <test-method signature="getData([Ljava.lang.String;)[pri:0, instance:pom.TestPage@2b40ff9c]" started-at="2024-11-14T12:49:17 IST" name="getData" data-provider="getExcelData" finished-at="2024-11-14T12:49:19 IST" duration-ms="1691" status="PASS">
          <params>
            <param index="0">
              <value>
                <![CDATA[[Ljava.lang.String;@554c4eaa]]>
              </value>
            </param>
          </params>
          <reporter-output>
          </reporter-output>
        </test-method> <!-- getData -->
        <test-method is-config="true" signature="goToLandingPage()[pri:0, instance:pom.TestPage@2b40ff9c]" started-at="2024-11-14T12:49:19 IST" name="goToLandingPage" finished-at="2024-11-14T12:49:29 IST" duration-ms="10445" status="PASS">
          <reporter-output>
          </reporter-output>
        </test-method> <!-- goToLandingPage -->
        <test-method signature="getData([Ljava.lang.String;)[pri:0, instance:pom.TestPage@2b40ff9c]" started-at="2024-11-14T12:49:29 IST" name="getData" data-provider="getExcelData" finished-at="2024-11-14T12:49:31 IST" duration-ms="1554" status="PASS">
          <params>
            <param index="0">
              <value>
                <![CDATA[[Ljava.lang.String;@4eb166a1]]>
              </value>
            </param>
          </params>
          <reporter-output>
          </reporter-output>
        </test-method> <!-- getData -->
      </class> <!-- pom.TestPage -->
    </test> <!-- Default test -->
  </suite> <!-- Default suite -->
</testng-results>
